2019-03-26-00-02-49  获取json失败
2019-03-26-00-49-26  获取json失败
2019-03-26-11-12-11  ReceiveMessageLoop出错
2019-03-26-11-12-11  SendJoinChannelwhile错误
2019-03-26-11-12-11  程序重启中...
2019-03-26-11-12-29  SendJoinChannelwhile错误
2019-03-26-11-12-29  程序重启中...
2019-03-26-11-12-39  SendJoinChannelwhile错误
2019-03-26-11-12-39  程序重启中...
2019-03-26-11-12-49  SendJoinChannelwhile错误
2019-03-26-11-12-49  程序重启中...
2019-03-26-11-12-59  SendJoinChannelwhile错误
2019-03-26-11-12-59  程序重启中...
2019-03-26-11-13-09  SendJoinChannelwhile错误
2019-03-26-11-13-09  程序重启中...
2019-03-26-11-13-18  SendJoinChannelwhile错误
2019-03-26-11-13-18  程序重启中...
2019-03-26-11-13-27  SendJoinChannelwhile错误
2019-03-26-11-13-27  程序重启中...
2019-03-26-11-13-37  SendJoinChannelwhile错误
2019-03-26-11-13-37  程序重启中...
2019-03-26-11-13-47  SendJoinChannelwhile错误
2019-03-26-11-13-47  程序重启中...
2019-03-26-11-13-57  SendJoinChannelwhile错误
2019-03-26-11-13-57  程序重启中...
2019-03-26-11-14-06  SendJoinChannelwhile错误
2019-03-26-11-14-06  程序重启中...
2019-03-26-11-14-16  SendJoinChannelwhile错误
2019-03-26-11-14-16  程序重启中...
2019-03-26-11-14-26  SendJoinChannelwhile错误
2019-03-26-11-14-26  程序重启中...
2019-03-26-11-14-36  SendJoinChannelwhile错误
2019-03-26-11-14-36  程序重启中...
2019-03-26-11-14-46  SendJoinChannelwhile错误
2019-03-26-11-14-46  程序重启中...
2019-03-26-11-14-57  SendJoinChannelwhile错误
2019-03-26-11-14-57  程序重启中...
2019-03-26-11-15-07  SendJoinChannelwhile错误
2019-03-26-11-15-07  程序重启中...
2019-03-26-11-15-17  SendJoinChannelwhile错误
2019-03-26-11-15-17  程序重启中...
2019-03-26-11-15-26  SendJoinChannelwhile错误
2019-03-26-11-15-26  程序重启中...
2019-03-26-11-15-37  SendJoinChannelwhile错误
2019-03-26-11-15-37  程序重启中...
2019-03-26-11-15-47  SendJoinChannelwhile错误
2019-03-26-11-15-47  程序重启中...
2019-03-26-11-15-57  SendJoinChannelwhile错误
2019-03-26-11-15-57  程序重启中...
2019-03-26-11-16-07  SendJoinChannelwhile错误
2019-03-26-11-16-07  程序重启中...
2019-03-26-11-16-17  SendJoinChannelwhile错误
2019-03-26-11-16-17  程序重启中...
2019-03-26-11-16-26  SendJoinChannelwhile错误
2019-03-26-11-16-26  程序重启中...
2019-03-26-11-16-37  SendJoinChannelwhile错误
2019-03-26-11-16-37  程序重启中...
2019-03-26-11-16-46  SendJoinChannelwhile错误
2019-03-26-11-16-46  程序重启中...
2019-03-26-11-16-55  SendJoinChannelwhile错误
2019-03-26-11-16-55  程序重启中...
2019-03-26-11-17-04  SendJoinChannelwhile错误
2019-03-26-11-17-04  程序重启中...
2019-03-26-11-17-13  SendJoinChannelwhile错误
2019-03-26-11-17-13  程序重启中...
2019-03-26-11-17-22  SendJoinChannelwhile错误
2019-03-26-11-17-22  程序重启中...
2019-03-26-11-17-32  SendJoinChannelwhile错误
2019-03-26-11-17-32  程序重启中...
2019-03-26-11-17-41  SendJoinChannelwhile错误
2019-03-26-11-17-41  程序重启中...
2019-03-26-11-17-50  SendJoinChannelwhile错误
2019-03-26-11-17-50  程序重启中...
2019-03-26-11-18-01  心跳出错
2019-03-26-11-18-01  程序重启中...
2019-03-26-11-18-11  SendJoinChannelwhile错误
2019-03-26-11-18-12  程序重启中...
2019-03-26-11-18-21  SendJoinChannelwhile错误
2019-03-26-11-18-21  程序重启中...
2019-03-26-11-18-31  SendJoinChannelwhile错误
2019-03-26-11-18-31  程序重启中...
2019-03-26-16-00-14  获取json失败
2019-03-26-16-18-24  弹幕处理出错
2019-03-26-16-38-02  弹幕发送失败
2019-03-26-16-39-22  弹幕发送失败
2019-03-26-20-25-28  弹幕发送出错
2019-03-26-20-26-49  弹幕处理出错
2019-03-26-20-49-10  弹幕发送出错
