2019-04-14-00-20-53  炸멹son퉎썦
2019-04-14-00-21-57  炸멹son퉎썦
2019-04-14-00-53-28  炸멹son퉎썦
2019-04-14-01-28-47  옲컅익폽榻
2019-04-14-02-02-19  옲컅익퐑빓
2019-04-14-02-04-09  옲컅익폽榻
2019-04-14-02-04-10  옲컅익폽榻
2019-04-14-03-10-35  옲컅익퐑빓
2019-04-14-03-12-10  옲컅익퐑빓
2019-04-14-03-13-43  옲컅익퐑빓
2019-04-14-04-32-28  옲컅익퐑빓
2019-04-14-04-35-15  옲컅익퐑빓
2019-04-14-04-35-39  옲컅익퐑빓
2019-04-14-06-22-49  옲컅익퐑빓
2019-04-14-07-38-53  옲컅익폽榻
2019-04-14-07-51-39  옲컅익폽榻
2019-04-14-07-53-44  옲컅얁첤榻
2019-04-14-07-54-44  옲컅얁첤榻
2019-04-14-07-56-04  옲컅익퐑빓
2019-04-14-07-57-18  옲컅익퐑빓
2019-04-14-07-57-34  옲컅익퐑빓
2019-04-14-07-58-08  옲컅익퐑빓
2019-04-14-07-58-28  옲컅익퐑빓
2019-04-14-08-01-37  옲컅익폽榻
2019-04-14-08-03-08  옲컅익퐑빓
2019-04-14-08-04-15  옲컅익폽榻
2019-04-14-08-04-16  옲컅익퐑빓
2019-04-14-08-04-51  옲컅익퐑빓
2019-04-14-08-05-04  옲컅얁첤榻
2019-04-14-08-09-56  옲컅익퐑빓
2019-04-14-08-39-25  옲컅익퐑빓
2019-04-14-08-54-48  炸멹son퉎썦
2019-04-14-08-59-14  옲컅익퐑빓
2019-04-14-08-59-29  옲컅익퐑빓
2019-04-14-09-38-07  옲컅익퐑빓
2019-04-14-10-28-49  옲컅익퐑빓
2019-04-14-12-51-31  옲컅익퐑빓
2019-04-14-12-51-49  옲컅익퐑빓
2019-04-14-13-56-23  TCP_server웶찕
2019-04-14-14-30-36  炸멹son퉎썦
2019-04-14-15-34-12  옲컅익퐑빓
2019-04-14-15-34-29  옲컅익퐑빓
2019-04-14-16-57-33  옲컅익퐑빓
2019-04-14-17-01-01  옲컅익폽榻
2019-04-14-17-01-01  옲컅익폽榻
2019-04-14-17-01-02  옲컅익폽榻
2019-04-14-17-04-29  옲컅익폽榻
2019-04-14-17-04-30  옲컅익폽榻
2019-04-14-17-04-31  옲컅익폽榻
2019-04-14-17-04-32  옲컅익폽榻
2019-04-14-17-04-32  옲컅익폽榻
2019-04-14-17-04-33  옲컅익폽榻
2019-04-14-17-04-34  옲컅익폽榻
2019-04-14-17-04-35  옲컅익퐑빓
2019-04-14-17-05-12  옲컅익폽榻
2019-04-14-17-05-13  옲컅익퐑빓
2019-04-14-17-05-14  옲컅익폽榻
2019-04-14-17-05-14  옲컅익폽榻
2019-04-14-17-05-15  옲컅익퐑빓
2019-04-14-17-05-16  옲컅익폽榻
2019-04-14-17-05-16  옲컅익폽榻
2019-04-14-17-05-17  옲컅익퐑빓
2019-04-14-17-05-18  옲컅익폽榻
2019-04-14-18-08-15  옲컅익퐑빓
2019-04-14-18-52-12  옲컅얁첤榻
2019-04-14-18-52-53  옲컅얁첤榻
2019-04-14-18-55-31  옲컅얁첤榻
2019-04-14-21-08-32  옲컅익퐑빓
2019-04-14-21-09-49  옲컅익퐑빓
2019-04-14-21-45-59  炸멹son퉎썦
2019-04-14-21-58-22  炸멹son퉎썦
2019-04-14-22-05-28  炸멹son퉎썦
2019-04-14-22-37-22  炸멹son퉎썦
2019-04-14-22-57-08  炸멹son퉎썦
2019-04-14-23-20-40  炸멹son퉎썦
