2019-04-12-01-15-34  弹幕发送失败
2019-04-12-01-50-42  TCP_server_send运行异常
2019-04-12-01-52-34  TCP_server_send运行异常
2019-04-12-02-54-12  弹幕发送失败
2019-04-12-03-41-19  弹幕发送出错
2019-04-12-05-48-26  弹幕发送出错
2019-04-12-07-01-52  弹幕发送失败
2019-04-12-07-19-11  弹幕发送失败
2019-04-12-08-25-12  弹幕发送出错
2019-04-12-09-56-42  弹幕发送失败
2019-04-12-09-58-45  弹幕发送失败
2019-04-12-10-20-36  ReceiveMessageLoop出错
2019-04-12-10-20-36  SendJoinChannelwhile错误
2019-04-12-10-20-36  程序重启中...
2019-04-12-10-21-02  ReceiveMessageLoop出错
2019-04-12-10-21-02  SendJoinChannelwhile错误
2019-04-12-10-21-02  程序重启中...
2019-04-12-10-57-30  获取json失败
2019-04-12-11-12-57  弹幕发送失败
2019-04-12-11-43-30  弹幕发送失败
2019-04-12-11-44-22  弹幕发送失败
2019-04-12-11-45-16  弹幕发送失败
2019-04-12-11-45-40  弹幕发送失败
2019-04-12-12-43-58  弹幕发送失败
2019-04-12-12-44-25  弹幕发送失败
2019-04-12-12-44-51  弹幕发送失败
2019-04-12-12-45-23  弹幕发送失败
2019-04-12-12-46-49  弹幕发送失败
2019-04-12-12-47-16  弹幕发送失败
2019-04-12-12-57-59  弹幕发送失败
2019-04-12-12-59-08  弹幕发送出错
2019-04-12-14-34-03  获取json失败
2019-04-12-15-33-52  弹幕发送出错
2019-04-12-17-09-36  弹幕发送失败
2019-04-12-17-16-23  弹幕发送失败
2019-04-12-17-18-58  弹幕发送失败
2019-04-12-17-19-36  弹幕发送失败
2019-04-12-17-23-44  获取json失败
2019-04-12-17-33-38  弹幕发送失败
2019-04-12-18-13-50  获取json失败
2019-04-12-18-32-04  弹幕发送失败
2019-04-12-18-32-04  弹幕发送出错
2019-04-12-18-32-05  弹幕发送出错
2019-04-12-18-32-06  弹幕发送出错
2019-04-12-18-32-06  弹幕发送出错
2019-04-12-18-32-07  弹幕发送出错
2019-04-12-18-32-08  弹幕发送失败
2019-04-12-18-32-08  弹幕发送出错
2019-04-12-18-32-09  弹幕发送失败
2019-04-12-18-33-24  弹幕发送失败
2019-04-12-18-33-50  获取json失败
2019-04-12-18-34-17  弹幕发送失败
2019-04-12-18-34-34  弹幕发送失败
2019-04-12-20-03-01  弹幕发送失败
2019-04-12-20-10-49  弹幕发送失败
2019-04-12-20-12-37  弹幕发送失败
2019-04-12-20-14-31  弹幕发送失败
2019-04-12-20-14-57  弹幕发送失败
2019-04-12-20-18-09  弹幕发送失败
2019-04-12-20-19-07  弹幕发送失败
2019-04-12-20-24-46  弹幕发送失败
2019-04-12-20-52-32  弹幕处理出错
2019-04-12-21-05-27  获取json失败
2019-04-12-21-22-12  获取json失败
2019-04-12-21-53-19  TCP_server断开
2019-04-12-21-53-19  TCP_server断开
2019-04-12-21-53-55  弹幕发送失败
2019-04-12-22-17-26  获取json失败
2019-04-12-22-35-52  获取json失败
2019-04-12-22-36-27  获取json失败
2019-04-12-22-37-35  弹幕处理出错
2019-04-12-22-39-40  弹幕发送出错
2019-04-12-22-44-33  弹幕发送失败
2019-04-12-22-45-28  弹幕发送失败
2019-04-12-22-46-09  弹幕发送失败
2019-04-12-22-50-04  弹幕发送失败
2019-04-12-22-51-44  弹幕处理出错
2019-04-12-22-52-50  弹幕发送出错
2019-04-12-23-37-48  弹幕发送失败
2019-04-12-23-44-45  获取json失败
2019-04-12-23-44-45  获取json失败
2019-04-12-23-57-39  获取json失败
