2019-04-16-00-01-28  弹幕处理出错
2019-04-16-00-09-08  弹幕处理出错
2019-04-16-00-46-17  弹幕处理出错
2019-04-16-01-01-13  弹幕处理出错
2019-04-16-01-08-00  弹幕发送出错
2019-04-16-01-11-24  弹幕发送失败
2019-04-16-01-17-02  弹幕处理出错
2019-04-16-01-27-30  弹幕处理出错
2019-04-16-01-51-15  获取json失败
2019-04-16-01-56-29  弹幕发送出错
2019-04-16-01-56-31  弹幕发送出错
2019-04-16-05-57-06  弹幕发送失败
2019-04-16-05-57-34  弹幕发送失败
2019-04-16-09-53-03  弹幕发送失败
2019-04-16-09-54-35  弹幕发送失败
2019-04-16-09-54-35  弹幕发送出错
2019-04-16-09-54-36  弹幕发送出错
2019-04-16-09-54-37  弹幕发送失败
2019-04-16-09-56-17  弹幕发送出错
2019-04-16-09-56-18  弹幕发送失败
2019-04-16-09-56-19  弹幕发送出错
2019-04-16-09-56-19  弹幕发送出错
2019-04-16-09-57-08  弹幕发送失败
2019-04-16-09-57-42  弹幕发送出错
2019-04-16-09-57-43  弹幕发送失败
2019-04-16-09-57-44  弹幕发送出错
2019-04-16-09-57-44  弹幕发送出错
2019-04-16-09-59-16  弹幕发送出错
2019-04-16-09-59-17  弹幕发送出错
2019-04-16-09-59-18  弹幕发送失败
2019-04-16-09-59-18  弹幕发送出错
2019-04-16-10-00-15  弹幕发送出错
2019-04-16-10-00-16  弹幕发送出错
2019-04-16-10-00-17  弹幕发送失败
2019-04-16-10-00-17  弹幕发送出错
2019-04-16-10-01-07  弹幕发送出错
2019-04-16-10-01-08  弹幕发送出错
2019-04-16-10-01-09  弹幕发送出错
2019-04-16-10-01-10  弹幕发送出错
2019-04-16-10-03-37  弹幕发送出错
2019-04-16-10-03-38  弹幕发送失败
2019-04-16-10-03-39  弹幕发送出错
2019-04-16-10-03-39  弹幕发送出错
2019-04-16-10-04-18  弹幕发送失败
2019-04-16-10-09-41  弹幕发送失败
2019-04-16-10-09-42  弹幕发送出错
2019-04-16-10-09-42  弹幕发送出错
2019-04-16-10-09-43  弹幕发送出错
2019-04-16-10-12-45  弹幕发送出错
2019-04-16-10-12-46  弹幕发送失败
2019-04-16-10-12-46  弹幕发送出错
2019-04-16-10-12-47  弹幕发送失败
2019-04-16-11-29-12  获取json失败
2019-04-16-11-38-51  弹幕发送出错
2019-04-16-11-38-52  弹幕发送出错
2019-04-16-11-39-29  弹幕发送失败
2019-04-16-11-39-43  弹幕发送失败
2019-04-16-11-40-19  弹幕发送失败
2019-04-16-11-41-14  弹幕发送失败
2019-04-16-11-42-18  弹幕发送失败
2019-04-16-11-44-03  弹幕发送失败
2019-04-16-11-44-19  弹幕发送失败
2019-04-16-11-44-54  弹幕发送失败
2019-04-16-11-47-15  弹幕发送失败
2019-04-16-11-48-05  弹幕发送失败
2019-04-16-12-59-57  弹幕发送失败
2019-04-16-13-00-12  弹幕发送失败
2019-04-16-13-00-23  弹幕发送失败
2019-04-16-13-02-24  获取json失败
2019-04-16-13-04-17  弹幕发送失败
2019-04-16-13-05-08  弹幕发送失败
2019-04-16-13-14-14  获取json失败
2019-04-16-13-16-36  获取json失败
2019-04-16-13-22-02  获取json失败
2019-04-16-14-31-13  获取json失败
2019-04-16-14-36-29  弹幕处理出错
2019-04-16-14-46-46  弹幕发送失败
2019-04-16-14-47-17  弹幕发送失败
2019-04-16-14-52-43  弹幕发送失败
2019-04-16-14-53-48  弹幕发送失败
2019-04-16-14-56-53  弹幕发送失败
2019-04-16-14-57-36  弹幕发送失败
2019-04-16-14-58-32  弹幕发送失败
2019-04-16-15-00-26  弹幕发送失败
2019-04-16-15-02-52  弹幕处理出错
2019-04-16-15-02-54  弹幕发送失败
2019-04-16-15-04-07  弹幕发送失败
2019-04-16-15-24-35  弹幕发送失败
2019-04-16-16-58-24  TCP_server_send运行异常
2019-04-16-17-22-16  弹幕发送出错
2019-04-16-18-29-28  弹幕发送失败
2019-04-16-18-30-16  弹幕发送失败
2019-04-16-18-31-11  弹幕发送失败
2019-04-16-18-31-53  弹幕发送失败
2019-04-16-18-46-09  弹幕发送失败
2019-04-16-18-46-52  弹幕发送失败
2019-04-16-18-48-19  弹幕发送失败
2019-04-16-18-51-04  弹幕发送失败
2019-04-16-18-51-21  弹幕发送失败
2019-04-16-18-52-34  弹幕发送失败
2019-04-16-18-58-36  弹幕发送失败
2019-04-16-18-59-33  弹幕发送失败
2019-04-16-19-01-34  弹幕发送失败
2019-04-16-19-01-55  弹幕发送失败
2019-04-16-19-03-58  弹幕发送失败
2019-04-16-19-05-53  弹幕发送失败
2019-04-16-19-06-11  弹幕发送失败
2019-04-16-19-07-40  弹幕发送失败
2019-04-16-19-08-32  弹幕发送失败
2019-04-16-19-08-48  弹幕发送失败
2019-04-16-19-09-10  弹幕发送失败
2019-04-16-19-09-28  弹幕发送失败
2019-04-16-19-10-12  弹幕发送失败
2019-04-16-19-10-52  弹幕发送失败
2019-04-16-19-11-40  弹幕发送失败
2019-04-16-19-12-18  弹幕发送失败
2019-04-16-19-14-37  弹幕发送失败
2019-04-16-19-15-00  弹幕发送失败
2019-04-16-19-15-17  弹幕发送失败
2019-04-16-19-15-37  弹幕发送失败
2019-04-16-19-15-55  弹幕发送失败
2019-04-16-19-16-18  弹幕发送失败
2019-04-16-19-16-36  弹幕发送失败
2019-04-16-19-18-42  弹幕发送失败
2019-04-16-19-18-51  弹幕发送失败
2019-04-16-19-18-59  弹幕发送失败
2019-04-16-19-21-15  弹幕发送失败
2019-04-16-19-21-32  弹幕发送失败
2019-04-16-19-22-20  弹幕处理出错
2019-04-16-21-02-37  获取json失败
2019-04-16-21-18-58  弹幕发送失败
2019-04-16-21-41-22  获取json失败
2019-04-16-22-32-14  弹幕处理出错
2019-04-16-23-52-42  弹幕发送失败
2019-04-16-23-52-59  弹幕发送失败
2019-04-16-23-54-38  弹幕发送失败
2019-04-16-23-55-24  弹幕发送失败
2019-04-16-23-55-42  弹幕发送失败
2019-04-16-23-57-21  弹幕发送失败
2019-04-16-23-57-59  弹幕发送失败
2019-04-16-23-58-28  弹幕发送失败
2019-04-16-23-58-45  弹幕发送失败
2019-04-16-23-59-21  弹幕发送失败
