2019-04-19-01-03-09  弹幕发送出错
2019-04-19-01-03-10  弹幕发送出错
2019-04-19-01-03-11  弹幕发送出错
2019-04-19-01-03-11  弹幕发送出错
2019-04-19-01-13-57  弹幕发送出错
2019-04-19-01-47-18  弹幕发送失败
2019-04-19-01-48-27  弹幕发送失败
2019-04-19-02-14-09  弹幕发送失败
2019-04-19-04-17-07  获取json失败
2019-04-19-05-13-21  弹幕发送失败
2019-04-19-05-13-47  弹幕发送失败
2019-04-19-09-12-33  TCP_server_send运行异常
2019-04-19-12-46-17  TCP_client断开
2019-04-19-12-47-11  TCP_client断开
2019-04-19-14-26-48  弹幕发送失败
2019-04-19-14-30-54  弹幕发送出错
2019-04-19-14-30-55  弹幕发送失败
2019-04-19-14-30-55  弹幕发送出错
2019-04-19-14-30-56  弹幕发送出错
2019-04-19-14-32-13  TCP_server_send运行异常
2019-04-19-14-32-58  TCP_server_send运行异常
2019-04-19-16-18-16  获取json失败
2019-04-19-16-59-55  获取json失败
2019-04-19-17-40-36  弹幕发送出错
2019-04-19-18-35-27  弹幕发送出错
2019-04-19-18-55-55  弹幕发送出错
2019-04-19-18-55-57  弹幕发送出错
2019-04-19-19-15-34  获取json失败
2019-04-19-19-58-12  获取json失败
2019-04-19-20-29-16  获取json失败
2019-04-19-20-33-05  获取json失败
2019-04-19-20-33-43  获取json失败
2019-04-19-20-34-25  获取json失败
2019-04-19-20-47-39  获取json失败
2019-04-19-20-51-51  获取json失败
2019-04-19-21-09-15  弹幕处理出错
2019-04-19-21-35-07  获取json失败
2019-04-19-21-36-58  获取json失败
2019-04-19-21-47-55  获取json失败
2019-04-19-21-55-16  获取json失败
2019-04-19-21-58-41  TCP_server断开
2019-04-19-21-58-41  TCP_server断开
2019-04-19-22-02-22  获取json失败
2019-04-19-22-02-42  获取json失败
2019-04-19-23-04-56  获取json失败
2019-04-19-23-38-17  获取json失败
