2019-04-15-00-20-56  弹幕发送失败
2019-04-15-00-33-06  弹幕发送失败
2019-04-15-01-38-31  获取json失败
2019-04-15-01-43-36  弹幕发送失败
2019-04-15-03-34-27  弹幕发送失败
2019-04-15-03-40-00  弹幕发送出错
2019-04-15-04-52-52  弹幕发送失败
2019-04-15-05-04-34  弹幕发送失败
2019-04-15-05-04-49  弹幕发送失败
2019-04-15-05-12-21  弹幕发送失败
2019-04-15-07-21-48  弹幕发送失败
2019-04-15-07-56-41  弹幕发送出错
2019-04-15-08-46-17  弹幕处理出错
2019-04-15-08-46-32  弹幕处理出错
2019-04-15-08-46-41  弹幕处理出错
2019-04-15-08-48-44  弹幕处理出错
2019-04-15-08-50-01  弹幕处理出错
2019-04-15-09-13-27  弹幕发送失败
2019-04-15-09-15-34  弹幕发送失败
2019-04-15-09-15-49  弹幕发送失败
2019-04-15-10-56-01  获取json失败
2019-04-15-11-45-59  弹幕发送失败
2019-04-15-11-46-14  弹幕发送失败
2019-04-15-11-55-31  ReceiveMessageLoop出错
2019-04-15-11-55-31  SendJoinChannelwhile错误
2019-04-15-11-55-31  程序重启中...
2019-04-15-11-55-43  ReceiveMessageLoop出错
2019-04-15-11-55-43  SendJoinChannelwhile错误
2019-04-15-11-55-43  程序重启中...
2019-04-15-11-55-55  ReceiveMessageLoop出错
2019-04-15-11-55-55  SendJoinChannelwhile错误
2019-04-15-11-55-55  程序重启中...
2019-04-15-12-16-57  弹幕发送出错
2019-04-15-12-18-49  弹幕发送失败
2019-04-15-12-19-23  弹幕发送失败
2019-04-15-13-46-07  弹幕发送失败
2019-04-15-13-46-41  弹幕发送失败
2019-04-15-13-48-42  弹幕发送失败
2019-04-15-13-50-11  弹幕发送失败
2019-04-15-13-52-11  弹幕发送失败
2019-04-15-13-54-32  弹幕发送失败
2019-04-15-13-55-36  弹幕发送失败
2019-04-15-13-56-56  弹幕发送失败
2019-04-15-13-58-01  弹幕发送失败
2019-04-15-13-58-56  弹幕发送失败
2019-04-15-13-59-31  弹幕发送失败
2019-04-15-15-44-12  弹幕发送失败
2019-04-15-16-34-57  弹幕发送出错
2019-04-15-16-34-58  弹幕发送出错
2019-04-15-16-34-58  弹幕发送出错
2019-04-15-16-34-59  弹幕发送出错
2019-04-15-16-35-00  弹幕发送出错
2019-04-15-16-35-00  弹幕发送出错
2019-04-15-16-35-01  弹幕发送失败
2019-04-15-16-37-32  弹幕发送失败
2019-04-15-16-39-42  弹幕发送失败
2019-04-15-16-40-39  弹幕发送失败
2019-04-15-16-47-20  弹幕发送出错
2019-04-15-16-47-21  弹幕发送失败
2019-04-15-16-47-21  弹幕发送出错
2019-04-15-16-47-22  弹幕发送出错
2019-04-15-16-47-23  弹幕发送失败
2019-04-15-16-47-23  弹幕发送出错
2019-04-15-16-53-17  弹幕发送出错
2019-04-15-16-53-17  弹幕发送出错
2019-04-15-16-53-18  弹幕发送失败
2019-04-15-16-53-19  弹幕发送出错
2019-04-15-16-53-19  弹幕发送出错
2019-04-15-16-53-20  弹幕发送出错
2019-04-15-16-57-28  弹幕发送失败
2019-04-15-17-01-45  弹幕发送失败
2019-04-15-17-01-45  弹幕发送失败
2019-04-15-17-01-46  弹幕发送出错
2019-04-15-17-01-46  弹幕发送出错
2019-04-15-17-01-47  弹幕发送失败
2019-04-15-17-01-48  弹幕发送出错
2019-04-15-17-01-48  弹幕发送出错
2019-04-15-17-08-06  弹幕发送出错
2019-04-15-17-08-06  弹幕发送出错
2019-04-15-17-08-07  弹幕发送出错
2019-04-15-17-10-39  弹幕发送出错
2019-04-15-17-10-40  弹幕发送出错
2019-04-15-17-10-41  弹幕发送出错
2019-04-15-17-10-41  弹幕发送出错
2019-04-15-17-10-42  弹幕发送出错
2019-04-15-17-10-43  弹幕发送失败
2019-04-15-17-10-43  弹幕发送出错
2019-04-15-17-12-02  弹幕发送出错
2019-04-15-17-12-03  弹幕发送失败
2019-04-15-17-12-04  弹幕发送出错
2019-04-15-17-12-04  弹幕发送出错
2019-04-15-17-12-48  弹幕发送失败
2019-04-15-20-59-22  获取json失败
2019-04-15-22-06-31  获取json失败
2019-04-15-23-07-24  获取json失败
2019-04-15-23-22-47  弹幕发送失败
2019-04-15-23-29-22  弹幕处理出错
2019-04-15-23-54-10  弹幕发送失败
