2019-04-17-00-43-25  옲컅익퐑빓
2019-04-17-00-46-26  옲컅익퐑빓
2019-04-17-01-00-19  옲컅익퐑빓
2019-04-17-02-03-49  옲컅익퐑빓
2019-04-17-02-11-53  옲컅익퐑빓
2019-04-17-02-13-01  옲컅익퐑빓
2019-04-17-02-15-11  옲컅익퐑빓
2019-04-17-02-22-12  옲컅익폽榻
2019-04-17-02-23-22  옲컅익폽榻
2019-04-17-02-23-28  옲컅익퐑빓
2019-04-17-02-24-04  옲컅익퐑빓
2019-04-17-02-25-09  옲컅익퐑빓
2019-04-17-02-26-44  옲컅익퐑빓
2019-04-17-02-27-01  옲컅익퐑빓
2019-04-17-02-29-59  옲컅익폽榻
2019-04-17-02-30-00  옲컅익퐑빓
2019-04-17-02-32-20  옲컅익퐑빓
2019-04-17-02-34-09  옲컅익퐑빓
2019-04-17-02-34-09  옲컅익폽榻
2019-04-17-02-34-10  옲컅익폽榻
2019-04-17-02-34-50  옲컅익퐑빓
2019-04-17-02-36-54  옲컅익퐑빓
2019-04-17-02-38-04  옲컅익퐑빓
2019-04-17-02-38-49  옲컅익퐑빓
2019-04-17-02-41-23  TCP_client웶찕
2019-04-17-02-41-45  TCP_client웶찕
2019-04-17-02-43-39  TCP_client웶찕
2019-04-17-02-44-41  옲컅익퐑빓
2019-04-17-02-47-20  옲컅익퐑빓
2019-04-17-02-55-17  옲컅얁첤榻
2019-04-17-03-13-55  옲컅익폽榻
2019-04-17-03-16-02  옲컅익폽榻
2019-04-17-03-16-03  옲컅익퐑빓
2019-04-17-03-16-04  옲컅익폽榻
2019-04-17-03-16-04  옲컅익폽榻
2019-04-17-03-16-05  옲컅익퐑빓
2019-04-17-03-16-06  옲컅익폽榻
2019-04-17-03-16-06  옲컅익폽榻
2019-04-17-03-22-46  옲컅익폽榻
2019-04-17-03-22-46  옲컅익폽榻
2019-04-17-03-22-47  옲컅익퐑빓
2019-04-17-03-22-48  옲컅익폽榻
2019-04-17-03-22-48  옲컅익폽榻
2019-04-17-03-22-49  옲컅익폽榻
2019-04-17-03-26-48  옲컅익폽榻
2019-04-17-03-26-49  옲컅익폽榻
2019-04-17-03-26-50  옲컅익폽榻
2019-04-17-03-26-51  옲컅익폽榻
2019-04-17-03-26-51  옲컅익폽榻
2019-04-17-03-30-29  옲컅익퐑빓
2019-04-17-03-31-04  옲컅익폽榻
2019-04-17-03-31-05  옲컅익폽榻
2019-04-17-03-31-06  옲컅익폽榻
2019-04-17-03-31-07  옲컅익폽榻
2019-04-17-03-31-07  옲컅익폽榻
2019-04-17-03-44-19  옲컅익퐑빓
2019-04-17-03-44-33  옲컅익퐑빓
2019-04-17-03-45-21  옲컅익퐑빓
2019-04-17-03-45-59  옲컅익퐑빓
2019-04-17-03-46-30  옲컅익퐑빓
2019-04-17-03-46-31  옲컅익폽榻
2019-04-17-03-47-32  옲컅익퐑빓
2019-04-17-03-52-04  옲컅익퐑빓
2019-04-17-04-21-58  옲컅익퐑빓
2019-04-17-04-23-08  옲컅익퐑빓
2019-04-17-04-24-32  옲컅익퐑빓
2019-04-17-04-24-52  옲컅익퐑빓
2019-04-17-04-25-43  옲컅익퐑빓
2019-04-17-04-25-43  옲컅얁첤榻
2019-04-17-04-27-04  옲컅익퐑빓
2019-04-17-04-27-20  옲컅익퐑빓
2019-04-17-04-29-09  옲컅익퐑빓
2019-04-17-04-31-07  옲컅익퐑빓
2019-04-17-04-31-39  옲컅익퐑빓
2019-04-17-04-32-01  옲컅익퐑빓
2019-04-17-04-32-42  옲컅익퐑빓
2019-04-17-04-34-32  옲컅익폽榻
2019-04-17-04-35-13  옲컅익퐑빓
2019-04-17-04-35-31  옲컅익퐑빓
2019-04-17-04-35-54  옲컅익퐑빓
2019-04-17-04-36-27  옲컅익퐑빓
2019-04-17-04-36-50  옲컅익퐑빓
2019-04-17-04-37-26  옲컅익퐑빓
2019-04-17-04-38-05  옲컅익퐑빓
2019-04-17-04-38-30  옲컅익퐑빓
2019-04-17-04-40-36  옲컅익퐑빓
2019-04-17-04-40-41  옲컅익퐑빓
2019-04-17-04-40-58  옲컅익퐑빓
2019-04-17-04-41-43  옲컅익퐑빓
2019-04-17-04-43-28  옲컅익퐑빓
2019-04-17-04-44-28  옲컅익퐑빓
2019-04-17-04-44-38  옲컅익퐑빓
2019-04-17-04-44-53  옲컅익퐑빓
2019-04-17-04-48-12  옲컅익퐑빓
2019-04-17-04-48-29  옲컅익퐑빓
2019-04-17-04-50-12  옲컅익퐑빓
2019-04-17-04-50-29  옲컅익퐑빓
2019-04-17-04-51-44  옲컅익퐑빓
2019-04-17-04-52-59  옲컅익퐑빓
2019-04-17-04-53-16  옲컅익퐑빓
2019-04-17-04-54-13  옲컅익퐑빓
2019-04-17-04-55-28  옲컅익퐑빓
2019-04-17-04-56-32  옲컅익퐑빓
2019-04-17-04-56-49  옲컅익퐑빓
2019-04-17-04-57-49  옲컅익퐑빓
2019-04-17-04-58-56  옲컅익퐑빓
2019-04-17-04-59-18  옲컅익퐑빓
2019-04-17-04-59-36  옲컅익퐑빓
2019-04-17-04-59-54  옲컅익퐑빓
2019-04-17-05-00-24  옲컅익퐑빓
2019-04-17-05-01-05  옲컅익폽榻
2019-04-17-05-01-11  옲컅익퐑빓
2019-04-17-05-03-33  옲컅익퐑빓
2019-04-17-05-05-01  옲컅익퐑빓
2019-04-17-05-05-12  옲컅익퐑빓
2019-04-17-05-05-30  옲컅익퐑빓
2019-04-17-05-05-44  옲컅익퐑빓
2019-04-17-05-06-55  옲컅익퐑빓
2019-04-17-05-07-12  옲컅익퐑빓
2019-04-17-05-09-00  옲컅익퐑빓
2019-04-17-05-10-37  옲컅익퐑빓
2019-04-17-05-10-46  옲컅얁첤榻
2019-04-17-05-11-17  옲컅익퐑빓
2019-04-17-05-11-38  옲컅익퐑빓
2019-04-17-05-12-57  옲컅익퐑빓
2019-04-17-05-13-02  옲컅익퐑빓
2019-04-17-05-14-05  옲컅얁첤榻
2019-04-17-05-15-16  옲컅익퐑빓
2019-04-17-05-15-33  옲컅익퐑빓
2019-04-17-05-16-36  옲컅얁첤榻
2019-04-17-09-26-15  TCP_client웶찕
2019-04-17-09-44-33  옲컅익퐑빓
2019-04-17-09-44-58  옲컅익폽榻
2019-04-17-09-45-00  옲컅익폽榻
2019-04-17-09-45-03  옲컅익폽榻
2019-04-17-09-46-32  옲컅익폽榻
2019-04-17-09-46-56  옲컅익폽榻
2019-04-17-09-46-58  옲컅익폽榻
2019-04-17-09-47-55  옲컅익폽榻
2019-04-17-10-51-43  옲컅익폽榻
2019-04-17-10-51-44  옲컅익퐑빓
2019-04-17-10-51-45  옲컅익폽榻
2019-04-17-10-51-45  옲컅익폽榻
2019-04-17-10-51-46  옲컅익폽榻
2019-04-17-11-14-42  炸멹son퉎썦
2019-04-17-11-19-12  옲컅익퐑빓
2019-04-17-11-19-30  옲컅익퐑빓
2019-04-17-11-20-48  옲컅익퐑빓
2019-04-17-11-22-00  옲컅익퐑빓
2019-04-17-11-22-34  옲컅익퐑빓
2019-04-17-11-23-05  옲컅익퐑빓
2019-04-17-11-55-22  옲컅익퐑빓
2019-04-17-12-36-06  옲컅익퐑빓
2019-04-17-12-36-36  옲컅익퐑빓
2019-04-17-12-37-06  옲컅익퐑빓
2019-04-17-12-59-25  옲컅익폽榻
2019-04-17-12-59-25  옲컅익폽榻
2019-04-17-12-59-26  옲컅익폽榻
2019-04-17-12-59-27  옲컅익폽榻
2019-04-17-12-59-28  옲컅익폽榻
2019-04-17-13-49-42  옲컅얁첤榻
2019-04-17-13-50-00  옲컅얁첤榻
2019-04-17-14-13-57  TCP_client웶찕
2019-04-17-14-14-06  TCP_client웶찕
2019-04-17-14-14-29  TCP_client웶찕
2019-04-17-16-34-20  옲컅익퐑빓
2019-04-17-21-20-04  炸멹son퉎썦
2019-04-17-22-01-18  炸멹son퉎썦
2019-04-17-22-16-39  炸멹son퉎썦
2019-04-17-22-40-13  炸멹son퉎썦
2019-04-17-22-52-35  炸멹son퉎썦
2019-04-17-22-52-41  炸멹son퉎썦
2019-04-17-23-02-31  炸멹son퉎썦
2019-04-17-23-52-03  炸멹son퉎썦
