2019-04-09-01-38-35  弹幕发送失败
2019-04-09-03-55-22  弹幕发送失败
2019-04-09-03-56-41  弹幕发送失败
2019-04-09-03-57-34  弹幕发送失败
2019-04-09-03-58-11  弹幕发送失败
2019-04-09-04-41-41  弹幕发送失败
2019-04-09-05-46-38  弹幕发送失败
2019-04-09-06-03-18  弹幕发送失败
2019-04-09-06-03-32  弹幕发送失败
2019-04-09-06-10-46  弹幕发送失败
2019-04-09-06-16-54  获取json失败
2019-04-09-07-18-27  弹幕发送失败
2019-04-09-08-12-25  弹幕发送失败
2019-04-09-13-52-22  弹幕发送出错
2019-04-09-14-25-12  弹幕发送失败
2019-04-09-15-28-02  TCP_server断开
2019-04-09-15-28-02  TCP_server断开
2019-04-09-15-47-56  弹幕发送失败
2019-04-09-15-48-13  弹幕发送失败
2019-04-09-16-37-02  获取json失败
2019-04-09-16-53-24  TCP_server_send运行异常
2019-04-09-17-27-25  弹幕发送失败
2019-04-09-17-27-44  弹幕发送失败
2019-04-09-17-29-01  TCP_client断开
2019-04-09-17-29-18  TCP_client断开
2019-04-09-17-29-38  TCP_client断开
2019-04-09-17-30-00  TCP_client断开
2019-04-09-17-30-05  TCP_client断开
2019-04-09-17-30-20  TCP_client断开
2019-04-09-17-30-26  TCP_client断开
2019-04-09-17-30-28  TCP_client断开
2019-04-09-17-30-45  TCP_client断开
2019-04-09-17-30-51  TCP_client断开
2019-04-09-17-31-12  弹幕处理出错
2019-04-09-17-31-57  TCP_client断开
2019-04-09-20-40-23  获取json失败
2019-04-09-22-02-53  弹幕发送失败
