2019-04-10-00-04-12  获取json失败
2019-04-10-00-43-32  获取json失败
2019-04-10-13-21-26  TCP_client断开
2019-04-10-13-21-58  TCP_client断开
2019-04-10-13-22-04  TCP_client断开
2019-04-10-14-37-37  弹幕发送出错
2019-04-10-15-59-15  获取json失败
2019-04-10-17-48-05  TCP_server_send运行异常
2019-04-10-18-37-24  获取json失败
2019-04-10-18-52-46  弹幕发送失败
2019-04-10-18-54-03  弹幕发送失败
2019-04-10-19-10-15  弹幕发送失败
2019-04-10-19-39-29  弹幕发送失败
2019-04-10-19-39-47  弹幕发送失败
2019-04-10-19-46-44  弹幕发送失败
2019-04-10-19-47-23  弹幕发送失败
2019-04-10-22-15-58  弹幕发送失败
2019-04-10-22-26-33  弹幕发送失败
2019-04-10-23-43-30  弹幕发送失败
2019-04-10-23-44-49  弹幕发送失败
2019-04-10-23-45-03  弹幕发送失败
