2019-04-21-00-04-08  获取json失败
2019-04-21-00-06-41  弹幕发送出错
2019-04-21-00-06-42  弹幕发送出错
2019-04-21-00-06-42  弹幕发送出错
2019-04-21-00-12-20  获取json失败
2019-04-21-00-12-21  获取json失败
2019-04-21-00-47-06  获取json失败
2019-04-21-01-04-22  获取json失败
2019-04-21-01-20-24  获取json失败
2019-04-21-02-03-27  弹幕发送出错
2019-04-21-02-03-28  弹幕发送出错
2019-04-21-02-03-29  弹幕发送失败
2019-04-21-02-03-29  弹幕发送出错
2019-04-21-02-03-30  弹幕发送出错
2019-04-21-02-03-31  弹幕发送出错
2019-04-21-02-03-31  弹幕发送出错
2019-04-21-02-03-32  弹幕发送失败
2019-04-21-02-04-17  弹幕发送出错
2019-04-21-02-04-18  弹幕发送出错
2019-04-21-02-04-18  弹幕发送出错
2019-04-21-02-04-19  弹幕发送出错
2019-04-21-02-04-20  获取json失败
2019-04-21-02-04-20  弹幕发送出错
2019-04-21-02-04-21  弹幕发送出错
2019-04-21-02-04-22  弹幕发送出错
2019-04-21-02-04-23  弹幕发送失败
2019-04-21-02-04-23  弹幕发送出错
2019-04-21-02-04-24  弹幕发送出错
2019-04-21-02-04-25  弹幕发送失败
2019-04-21-02-04-25  弹幕发送出错
2019-04-21-04-45-39  TCP_client断开
2019-04-21-04-45-55  TCP_client断开
2019-04-21-04-49-53  TCP_client断开
2019-04-21-04-50-20  TCP_client断开
2019-04-21-07-49-30  弹幕发送出错
2019-04-21-07-49-31  弹幕发送失败
2019-04-21-09-06-56  弹幕发送失败
2019-04-21-10-03-40  弹幕处理出错
2019-04-21-11-25-05  获取json失败
2019-04-21-11-54-15  弹幕发送出错
2019-04-21-11-54-16  弹幕发送失败
2019-04-21-11-54-16  弹幕发送出错
2019-04-21-11-54-17  弹幕发送出错
2019-04-21-11-54-18  弹幕发送失败
2019-04-21-11-54-18  弹幕发送出错
2019-04-21-11-54-19  弹幕发送失败
2019-04-21-11-54-19  弹幕发送出错
2019-04-21-11-54-21  弹幕发送出错
2019-04-21-11-54-21  弹幕发送出错
2019-04-21-11-54-22  弹幕发送失败
2019-04-21-11-54-23  弹幕发送出错
2019-04-21-11-54-23  弹幕发送出错
2019-04-21-11-54-24  弹幕发送出错
2019-04-21-11-54-24  弹幕发送出错
2019-04-21-12-23-56  弹幕处理出错
2019-04-21-12-24-23  弹幕处理出错
2019-04-21-13-35-01  获取json失败
2019-04-21-17-55-23  弹幕发送出错
2019-04-21-17-59-17  获取json失败
2019-04-21-18-00-32  获取json失败
2019-04-21-20-17-47  获取json失败
2019-04-21-21-08-39  获取json失败
2019-04-21-21-08-59  获取json失败
2019-04-21-21-13-12  获取json失败
2019-04-21-21-30-56  获取json失败
2019-04-21-22-44-20  获取json失败
2019-04-21-23-23-18  弹幕发送出错
2019-04-21-23-23-19  弹幕发送出错
2019-04-21-23-42-09  获取json失败
2019-04-21-23-48-00  获取json失败
2019-04-21-23-48-00  获取json失败
2019-04-21-23-51-19  获取json失败
