2019-04-11-00-11-59  弹幕发送失败
2019-04-11-00-13-53  弹幕发送失败
2019-04-11-00-19-01  弹幕发送失败
2019-04-11-00-44-27  弹幕发送失败
2019-04-11-00-50-40  弹幕发送失败
2019-04-11-00-56-10  弹幕发送失败
2019-04-11-00-56-31  弹幕发送失败
2019-04-11-01-07-45  弹幕处理出错
2019-04-11-01-25-14  弹幕发送失败
2019-04-11-01-27-58  弹幕发送失败
2019-04-11-01-31-56  弹幕发送失败
2019-04-11-01-32-12  弹幕发送失败
2019-04-11-02-02-53  弹幕发送失败
2019-04-11-02-43-02  弹幕发送失败
2019-04-11-02-46-39  弹幕发送失败
2019-04-11-02-47-23  弹幕发送失败
2019-04-11-02-54-01  弹幕发送失败
2019-04-11-02-56-23  弹幕发送失败
2019-04-11-02-58-48  弹幕发送失败
2019-04-11-02-59-38  弹幕发送失败
2019-04-11-03-01-07  弹幕发送失败
2019-04-11-03-01-51  弹幕发送失败
2019-04-11-03-05-39  弹幕发送失败
2019-04-11-03-06-13  弹幕发送失败
2019-04-11-03-11-12  弹幕发送失败
2019-04-11-03-30-29  弹幕发送出错
2019-04-11-03-30-34  弹幕发送失败
2019-04-11-03-30-34  弹幕发送出错
2019-04-11-03-34-13  弹幕发送失败
2019-04-11-03-34-33  弹幕发送失败
2019-04-11-03-35-25  弹幕发送出错
2019-04-11-03-39-51  弹幕发送失败
2019-04-11-03-48-29  弹幕处理出错
2019-04-11-03-52-39  弹幕发送失败
2019-04-11-04-04-18  弹幕发送出错
2019-04-11-04-04-19  弹幕发送失败
2019-04-11-04-04-20  ReceiveMessageLoop出错
2019-04-11-04-04-20  SendJoinChannelwhile错误
2019-04-11-04-04-20  程序重启中...
2019-04-11-04-04-55  弹幕发送失败
2019-04-11-04-05-09  弹幕发送失败
2019-04-11-04-11-22  弹幕发送失败
2019-04-11-04-11-55  弹幕发送失败
2019-04-11-04-14-58  弹幕发送失败
2019-04-11-06-27-34  弹幕发送失败
2019-04-11-06-44-40  弹幕发送出错
2019-04-11-06-44-41  弹幕发送出错
2019-04-11-07-08-55  弹幕发送失败
2019-04-11-07-09-05  弹幕发送出错
2019-04-11-07-09-05  弹幕发送出错
2019-04-11-07-09-06  弹幕发送出错
2019-04-11-07-09-07  弹幕发送出错
2019-04-11-07-09-07  弹幕发送出错
2019-04-11-07-09-08  弹幕发送失败
2019-04-11-07-09-09  弹幕发送出错
2019-04-11-07-09-10  弹幕发送出错
2019-04-11-07-09-11  弹幕发送出错
2019-04-11-07-09-11  弹幕发送出错
2019-04-11-07-09-12  弹幕发送失败
2019-04-11-07-09-13  弹幕发送出错
2019-04-11-07-09-13  弹幕发送出错
2019-04-11-07-09-14  弹幕发送失败
2019-04-11-07-09-15  弹幕发送出错
2019-04-11-08-29-22  弹幕发送失败
2019-04-11-08-30-03  弹幕发送失败
2019-04-11-08-31-41  弹幕发送失败
2019-04-11-08-32-13  弹幕发送失败
2019-04-11-08-33-54  弹幕发送失败
2019-04-11-08-34-49  弹幕发送失败
2019-04-11-08-35-05  弹幕处理出错
2019-04-11-08-35-13  弹幕发送失败
2019-04-11-08-36-45  弹幕发送失败
2019-04-11-08-38-37  弹幕发送失败
2019-04-11-08-41-13  弹幕发送失败
2019-04-11-08-41-54  弹幕发送失败
2019-04-11-08-44-09  弹幕发送失败
2019-04-11-08-44-38  弹幕发送失败
2019-04-11-08-45-40  弹幕发送失败
2019-04-11-09-11-55  弹幕发送失败
2019-04-11-09-13-37  弹幕发送失败
2019-04-11-09-15-29  弹幕发送失败
2019-04-11-09-17-37  弹幕发送失败
2019-04-11-09-17-52  弹幕发送失败
2019-04-11-09-22-02  弹幕发送失败
2019-04-11-09-22-24  弹幕发送失败
2019-04-11-09-22-51  弹幕发送失败
2019-04-11-09-23-19  弹幕发送失败
2019-04-11-09-24-42  弹幕发送失败
2019-04-11-09-25-10  弹幕发送失败
2019-04-11-09-25-53  弹幕发送失败
2019-04-11-09-25-53  弹幕发送失败
2019-04-11-09-26-20  弹幕发送失败
2019-04-11-09-27-46  弹幕发送失败
2019-04-11-09-28-49  弹幕发送失败
2019-04-11-09-43-43  弹幕发送失败
2019-04-11-09-52-39  弹幕发送失败
2019-04-11-10-07-15  弹幕发送失败
2019-04-11-10-41-33  弹幕发送失败
2019-04-11-11-44-46  弹幕处理出错
2019-04-11-11-46-36  弹幕发送失败
2019-04-11-11-47-23  弹幕发送失败
2019-04-11-11-47-53  弹幕发送失败
2019-04-11-11-49-36  弹幕发送失败
2019-04-11-11-50-30  弹幕发送失败
2019-04-11-11-51-04  弹幕发送失败
2019-04-11-11-51-16  弹幕发送失败
2019-04-11-11-54-49  弹幕发送失败
2019-04-11-11-57-30  弹幕发送失败
2019-04-11-12-12-02  弹幕发送失败
2019-04-11-13-22-12  获取json失败
2019-04-11-13-56-05  获取json失败
2019-04-11-14-41-41  获取json失败
2019-04-11-14-41-49  弹幕发送失败
2019-04-11-14-42-03  弹幕发送失败
2019-04-11-14-42-04  弹幕发送出错
2019-04-11-14-44-34  弹幕发送失败
2019-04-11-14-45-09  弹幕发送失败
2019-04-11-15-11-40  ReceiveMessageLoop出错
2019-04-11-15-11-40  SendJoinChannelwhile错误
2019-04-11-15-11-40  程序重启中...
2019-04-11-19-28-09  弹幕发送失败
2019-04-11-19-28-25  弹幕发送失败
2019-04-11-19-31-58  弹幕发送失败
2019-04-11-20-02-31  获取json失败
2019-04-11-20-36-45  弹幕发送失败
2019-04-11-21-21-29  获取json失败
2019-04-11-21-21-29  ReceiveMessageLoop出错
2019-04-11-21-21-29  SendJoinChannelwhile错误
2019-04-11-21-21-29  程序重启中...
2019-04-11-21-27-24  弹幕发送失败
2019-04-11-21-27-59  弹幕发送失败
2019-04-11-21-28-24  弹幕发送失败
2019-04-11-21-28-48  弹幕发送失败
2019-04-11-21-29-19  弹幕发送失败
2019-04-11-21-42-22  弹幕发送失败
2019-04-11-21-42-39  弹幕发送失败
