2019-04-18-00-18-10  获取json失败
2019-04-18-02-22-37  弹幕发送失败
2019-04-18-03-10-26  弹幕发送失败
2019-04-18-05-01-33  弹幕发送失败
2019-04-18-06-50-01  TCP_server断开
2019-04-18-06-50-06  TCP_server断开
2019-04-18-06-50-12  TCP_server断开
2019-04-18-06-50-17  TCP_server断开
2019-04-18-06-50-47  TCP_server断开
2019-04-18-08-01-10  弹幕发送失败
2019-04-18-08-45-40  弹幕发送失败
2019-04-18-08-47-23  弹幕发送出错
2019-04-18-08-47-25  弹幕发送出错
2019-04-18-09-52-13  弹幕发送出错
2019-04-18-10-41-33  弹幕发送失败
2019-04-18-10-44-22  弹幕发送出错
2019-04-18-11-06-14  TCP_server断开
2019-04-18-11-06-14  TCP_server断开
2019-04-18-11-22-09  弹幕发送失败
2019-04-18-12-40-45  TCP_server断开
2019-04-18-13-16-38  TCP_client断开
2019-04-18-13-17-18  TCP_client断开
2019-04-18-17-12-48  获取json失败
2019-04-18-17-15-53  获取json失败
2019-04-18-18-31-40  获取json失败
2019-04-18-19-54-05  弹幕发送出错
2019-04-18-19-54-06  弹幕发送出错
2019-04-18-19-54-06  弹幕发送出错
2019-04-18-19-54-07  弹幕发送出错
2019-04-18-19-54-08  弹幕发送失败
2019-04-18-21-19-35  弹幕发送失败
2019-04-18-21-20-00  弹幕发送出错
2019-04-18-21-21-36  弹幕发送失败
2019-04-18-21-24-17  弹幕发送失败
2019-04-18-21-24-57  弹幕发送失败
2019-04-18-21-25-37  弹幕发送失败
2019-04-18-21-35-53  获取json失败
2019-04-18-21-58-08  获取json失败
2019-04-18-22-13-03  获取json失败
2019-04-18-22-43-02  弹幕处理出错
2019-04-18-22-57-52  获取json失败
2019-04-18-23-06-46  获取json失败
2019-04-18-23-47-40  弹幕处理出错
2019-04-18-23-48-32  弹幕处理出错
