2019-04-13-00-01-06  炸멹son퉎썦
2019-04-13-00-27-39  炸멹son퉎썦
2019-04-13-01-09-19  炸멹son퉎썦
2019-04-13-01-09-19  炸멹son퉎썦
2019-04-13-01-18-00  옲컅익퐑빓
2019-04-13-01-18-56  옲컅익퐑빓
2019-04-13-01-20-44  옲컅익퐑빓
2019-04-13-01-21-36  옲컅익퐑빓
2019-04-13-01-26-00  옲컅익퐑빓
2019-04-13-01-26-41  옲컅익퐑빓
2019-04-13-01-27-27  옲컅익퐑빓
2019-04-13-01-28-40  옲컅익퐑빓
2019-04-13-01-30-37  옲컅익퐑빓
2019-04-13-01-31-12  옲컅익퐑빓
2019-04-13-01-32-16  옲컅익퐑빓
2019-04-13-01-32-42  옲컅익폽榻
2019-04-13-01-34-23  옲컅익퐑빓
2019-04-13-01-35-24  옲컅익퐑빓
2019-04-13-01-35-41  옲컅익퐑빓
2019-04-13-01-37-29  옲컅익퐑빓
2019-04-13-01-41-44  옲컅익퐑빓
2019-04-13-01-47-26  옲컅익퐑빓
2019-04-13-01-51-15  옲컅익퐑빓
2019-04-13-01-53-17  옲컅익퐑빓
2019-04-13-01-54-12  옲컅익퐑빓
2019-04-13-01-58-45  옲컅익퐑빓
2019-04-13-01-59-16  옲컅익퐑빓
2019-04-13-02-04-18  옲컅익퐑빓
2019-04-13-02-10-31  옲컅익퐑빓
2019-04-13-02-11-05  옲컅익퐑빓
2019-04-13-02-15-48  옲컅익퐑빓
2019-04-13-02-16-24  옲컅익퐑빓
2019-04-13-02-16-44  옲컅익퐑빓
2019-04-13-02-18-05  옲컅익퐑빓
2019-04-13-02-20-02  옲컅익퐑빓
2019-04-13-02-20-22  옲컅익퐑빓
2019-04-13-02-21-54  옲컅익퐑빓
2019-04-13-02-23-59  옲컅익퐑빓
2019-04-13-02-24-25  옲컅익퐑빓
2019-04-13-02-24-51  옲컅익퐑빓
2019-04-13-02-26-23  옲컅익퐑빓
2019-04-13-02-28-07  옲컅익퐑빓
2019-04-13-02-30-12  옲컅익퐑빓
2019-04-13-02-32-40  옲컅익퐑빓
2019-04-13-02-35-08  옲컅익퐑빓
2019-04-13-02-35-58  옲컅익퐑빓
2019-04-13-02-38-04  옲컅익퐑빓
2019-04-13-02-39-15  옲컅익퐑빓
2019-04-13-02-40-04  옲컅익퐑빓
2019-04-13-02-40-25  옲컅익퐑빓
2019-04-13-02-40-50  옲컅익퐑빓
2019-04-13-02-42-24  옲컅익퐑빓
2019-04-13-04-27-31  옲컅익퐑빓
2019-04-13-04-27-48  옲컅익퐑빓
2019-04-13-04-27-49  옲컅익퐑빓
2019-04-13-04-37-40  옲컅익퐑빓
2019-04-13-04-39-04  옲컅익폽榻
2019-04-13-04-39-17  옲컅익퐑빓
2019-04-13-04-39-17  옲컅익퐑빓
2019-04-13-04-39-21  옲컅익폽榻
2019-04-13-04-44-19  옲컅익퐑빓
2019-04-13-04-45-06  옲컅익퐑빓
2019-04-13-04-46-40  옲컅익퐑빓
2019-04-13-04-47-21  옲컅익폽榻
2019-04-13-04-48-17  옲컅익퐑빓
2019-04-13-04-48-24  옲컅익폽榻
2019-04-13-04-48-25  옲컅익폽榻
2019-04-13-04-48-25  옲컅익폽榻
2019-04-13-04-49-17  옲컅익폽榻
2019-04-13-04-50-05  옲컅익퐑빓
2019-04-13-04-50-06  옲컅익퐑빓
2019-04-13-04-52-47  옲컅익퐑빓
2019-04-13-06-34-34  옲컅익퐑빓
2019-04-13-06-35-07  옲컅익퐑빓
2019-04-13-06-36-11  옲컅익퐑빓
2019-04-13-06-36-11  옲컅익퐑빓
2019-04-13-06-36-30  옲컅익퐑빓
2019-04-13-06-38-12  옲컅익퐑빓
2019-04-13-07-48-21  옲컅익폽榻
2019-04-13-07-48-21  옲컅익폽榻
2019-04-13-07-48-22  옲컅익폽榻
2019-04-13-07-48-23  옲컅익폽榻
2019-04-13-08-48-12  옲컅얁첤榻
2019-04-13-08-59-46  옲컅익폽榻
2019-04-13-08-59-46  옲컅익폽榻
2019-04-13-09-03-57  옲컅익폽榻
2019-04-13-09-23-47  옲컅익퐑빓
2019-04-13-11-13-57  옲컅익퐑빓
2019-04-13-11-28-02  옲컅익퐑빓
2019-04-13-11-40-36  옲컅익퐑빓
2019-04-13-11-45-48  옲컅익퐑빓
2019-04-13-12-16-54  炸멹son퉎썦
2019-04-13-12-51-13  옲컅얁첤榻
2019-04-13-12-57-20  炸멹son퉎썦
2019-04-13-13-41-45  옲컅익퐑빓
2019-04-13-13-42-28  옲컅익퐑빓
2019-04-13-13-43-01  옲컅익퐑빓
2019-04-13-13-47-21  炸멹son퉎썦
2019-04-13-14-01-41  炸멹son퉎썦
2019-04-13-18-19-23  옲컅익퐑빓
2019-04-13-18-20-07  옲컅익퐑빓
2019-04-13-18-31-22  옲컅익퐑빓
2019-04-13-18-32-07  옲컅익퐑빓
2019-04-13-18-43-06  옲컅익퐑빓
2019-04-13-19-28-55  옲컅익퐑빓
2019-04-13-19-42-30  炸멹son퉎썦
2019-04-13-19-46-27  炸멹son퉎썦
2019-04-13-20-29-55  TCP_server웶찕
2019-04-13-21-07-24  炸멹son퉎썦
2019-04-13-21-20-00  옲컅익퐑빓
2019-04-13-21-20-00  옲컅익폽榻
2019-04-13-21-20-01  옲컅익퐑빓
2019-04-13-21-20-02  옲컅익폽榻
2019-04-13-21-27-53  炸멹son퉎썦
2019-04-13-21-31-58  炸멹son퉎썦
2019-04-13-22-02-30  옲컅익퐑빓
2019-04-13-22-11-22  炸멹son퉎썦
2019-04-13-22-55-30  옲컅익퐑빓
2019-04-13-22-56-17  옲컅익퐑빓
2019-04-13-22-56-41  옲컅익폽榻
2019-04-13-22-58-57  옲컅익퐑빓
2019-04-13-22-59-38  옲컅익폽榻
2019-04-13-23-00-52  옲컅익폽榻
2019-04-13-23-00-53  옲컅익퐑빓
2019-04-13-23-01-16  옲컅익퐑빓
2019-04-13-23-01-59  옲컅익퐑빓
2019-04-13-23-02-31  옲컅익퐑빓
2019-04-13-23-02-55  옲컅익퐑빓
2019-04-13-23-37-54  옲컅익퐑빓
2019-04-13-23-50-16  炸멹son퉎썦
